---
driver=<class 'textual.drivers.linux_driver.LinuxDriver'>
Mount() >>> MainApp(title='Textual Application')
Mount() >>> DockView(name='DockView#1')
Enter() >>> InputText(name='password')
Leave() >>> InputText(name='password')
set_focus Submit(name='submit')
MouseDown(x=94, y=1, screen_y=98, button=1) >>> Submit(name='submit')
MouseUp(x=94, y=1, screen_y=98, button=1) >>> Submit(name='submit')
Click(x=94, y=1, screen_y=98, button=1) >>> Submit(name='submit')
Click(x=94, y=1, screen_y=98, button=1) >>> Submit(name='submit')
ButtonPressed(Submit(name='submit')) >>> MainApp(title='Textual Application')
username = 
set_focus Submit(name='submit')
MouseDown(x=93, y=1, screen_y=98, button=1) >>> Submit(name='submit')
MouseUp(x=93, y=1, screen_y=98, button=1) >>> Submit(name='submit')
Click(x=93, y=1, screen_y=98, button=1) >>> Submit(name='submit')
Click(x=93, y=1, screen_y=98, button=1) >>> Submit(name='submit')
ButtonPressed(Submit(name='submit')) >>> MainApp(title='Textual Application')
username = 
set_focus Submit(name='submit')
MouseDown(x=93, y=1, screen_y=98, button=1) >>> Submit(name='submit')
MouseUp(x=93, y=1, screen_y=98, button=1) >>> Submit(name='submit')
Click(x=93, y=1, screen_y=98, button=1) >>> Submit(name='submit')
Click(x=93, y=1, screen_y=98, button=1) >>> Submit(name='submit')
ButtonPressed(Submit(name='submit')) >>> MainApp(title='Textual Application')
username = 
Enter() >>> InputText(name='password')
Leave() >>> InputText(name='password')
Enter() >>> InputText(name='username')
set_focus InputText(name='username')
MouseDown(x=40, y=1, button=1) >>> InputText(name='username')
MouseUp(x=40, y=1, button=1) >>> InputText(name='username')
Click(x=40, y=1, button=1) >>> InputText(name='username')
Key(key='b') >>> InputText(name='username')
Key(key='b') >>> MainApp(title='Textual Application')
Key(key='l') >>> InputText(name='username')
Key(key='l') >>> MainApp(title='Textual Application')
Key(key='a') >>> InputText(name='username')
Key(key='a') >>> MainApp(title='Textual Application')
Key(key='h') >>> InputText(name='username')
Key(key='h') >>> MainApp(title='Textual Application')
Key(key='ctrl+i') >>> InputText(name='username')
Key(key='ctrl+i') >>> MainApp(title='Textual Application')
Key(key='b') >>> InputText(name='username')
Key(key='b') >>> MainApp(title='Textual Application')
Leave() >>> InputText(name='username')
Enter() >>> InputText(name='password')
set_focus InputText(name='password')
MouseDown(x=15, y=1, screen_x=65, button=1) >>> InputText(name='password')
MouseUp(x=15, y=1, screen_x=65, button=1) >>> InputText(name='password')
Click(x=15, y=1, screen_x=65, button=1) >>> InputText(name='password')
Key(key='b') >>> InputText(name='password')
Key(key='b') >>> MainApp(title='Textual Application')
Key(key='l') >>> InputText(name='password')
Key(key='l') >>> MainApp(title='Textual Application')
Key(key='a') >>> InputText(name='password')
Key(key='a') >>> MainApp(title='Textual Application')
Key(key='h') >>> InputText(name='password')
Key(key='h') >>> MainApp(title='Textual Application')
Leave() >>> InputText(name='password')
Enter() >>> InputText(name='password')
Leave() >>> InputText(name='password')
set_focus Submit(name='submit')
MouseDown(x=97, y=1, screen_y=98, button=1) >>> Submit(name='submit')
MouseUp(x=97, y=1, screen_y=98, button=1) >>> Submit(name='submit')
Click(x=97, y=1, screen_y=98, button=1) >>> Submit(name='submit')
Click(x=97, y=1, screen_y=98, button=1) >>> Submit(name='submit')
ButtonPressed(Submit(name='submit')) >>> MainApp(title='Textual Application')
username = blahctrl+ib
set_focus Submit(name='submit')
MouseDown(x=95, y=1, screen_y=98, button=1) >>> Submit(name='submit')
MouseUp(x=95, y=1, screen_y=98, button=1) >>> Submit(name='submit')
Click(x=95, y=1, screen_y=98, button=1) >>> Submit(name='submit')
Click(x=95, y=1, screen_y=98, button=1) >>> Submit(name='submit')
ButtonPressed(Submit(name='submit')) >>> MainApp(title='Textual Application')
username = blahctrl+ib
set_focus Submit(name='submit')
MouseDown(x=95, y=1, screen_y=98, button=1) >>> Submit(name='submit')
MouseUp(x=95, y=1, screen_y=98, button=1) >>> Submit(name='submit')
Click(x=95, y=1, screen_y=98, button=1) >>> Submit(name='submit')
Click(x=95, y=1, screen_y=98, button=1) >>> Submit(name='submit')
ButtonPressed(Submit(name='submit')) >>> MainApp(title='Textual Application')
username = blahctrl+ib
Enter() >>> InputText(name='password')
Leave() >>> InputText(name='password')
Key(key='ctrl+c') >>> MainApp(title='Textual Application')
ACTION MainApp(title='Textual Application') quit
CLOSED MainApp(title='Textual Application')
PROCESS END
