---
driver=<class 'textual.drivers.linux_driver.LinuxDriver'>
Mount() >>> MainApp(title='Textual Application')
Mount() >>> DockView(name='DockView#1')
Mount() >>> View(name='View#1')
Mount() >>> Guessing(name='guesses')
Mount() >>> Guess(name='guess')
Enter() >>> Guessing(name='guesses')
Leave() >>> Guessing(name='guesses')
Enter() >>> InputText(name='password')
set_focus InputText(name='password')
MouseDown(x=75, y=1, screen_x=154, screen_y=65, button=1) >>> InputText(name='password')
MouseUp(x=75, y=1, screen_x=154, screen_y=65, button=1) >>> InputText(name='password')
Click(x=75, y=1, screen_x=154, screen_y=65, button=1) >>> InputText(name='password')
Key(key='j') >>> InputText(name='password')
Key(key='j') >>> MainApp(title='Textual Application')
Key(key='j') >>> InputText(name='password')
Key(key='j') >>> MainApp(title='Textual Application')
Key(key='j') >>> InputText(name='password')
Key(key='j') >>> MainApp(title='Textual Application')
Key(key='j') >>> InputText(name='password')
Key(key='j') >>> MainApp(title='Textual Application')
Key(key='j') >>> InputText(name='password')
Key(key='j') >>> MainApp(title='Textual Application')
Leave() >>> InputText(name='password')
set_focus Button(name='hash_button')
MouseDown(x=12, y=3, screen_x=218, screen_y=65, button=1) >>> Button(name='hash_button')
MouseUp(x=12, y=3, screen_x=218, screen_y=65, button=1) >>> Button(name='hash_button')
Click(x=12, y=3, screen_x=218, screen_y=65, button=1) >>> Button(name='hash_button')
ButtonPressed(Button(name='hash_button')) >>> MainApp(title='Textual Application')
Enter() >>> Guessing(name='guesses')
Key(key='ctrl+c') >>> MainApp(title='Textual Application')
ACTION MainApp(title='Textual Application') quit
CLOSED MainApp(title='Textual Application')
PROCESS END
Leave() >>> Guessing(name='guesses')
CLOSED Button(name='file')
CLOSED InputText(name='password')
CLOSED Button(name='hash_left')
CLOSED Guessing(name='guesses')
